<?xml version="1.0" encoding="UTF-8"?>
<testsuite xmlns:xsi="http://www.w3.org/2001/XMLSchema-instance" xsi:noNamespaceSchemaLocation="https://maven.apache.org/surefire/maven-surefire-plugin/xsd/surefire-test-report.xsd" version="3.0.1" name="unicamp.brecho.ProdutoBeanTest" time="0.008" tests="6" errors="0" skipped="0" failures="0">
  <properties>
[...]
</properties>
  <testcase name="testGettersAndSetters" classname="unicamp.brecho.ProdutoBeanTest" time="0.001"/>
  <testcase name="testCompareToEqual" classname="unicamp.brecho.ProdutoBeanTest" time="0.001"/>
  <testcase name="testParameterizedConstructor" classname="unicamp.brecho.ProdutoBeanTest" time="0.001"/>
  <testcase name="testCompareToLess" classname="unicamp.brecho.ProdutoBeanTest" time="0.0"/>
  <testcase name="testCompareToGreater" classname="unicamp.brecho.ProdutoBeanTest" time="0.001"/>
  <testcase name="testDefaultConstructor" classname="unicamp.brecho.ProdutoBeanTest" time="0.002"/>
</testsuite>